[    0.000000] Initializing cgroup subsys cpuset
[    0.000000] Initializing cgroup subsys cpu
[    0.000000] Initializing cgroup subsys cpuacct
[    0.000000] Linux version 4.4.0-96-generic (buildd@lgw01-10) (gcc version 5.4.0 20160609 (Ubuntu 5.4.0-6ubuntu1~16.04.4) ) #119-Ubuntu SMP Tue Sep 12 14:59:54 UTC 2017 (Ubuntu 4.4.0-96.119-generic 4.4.83)
[    0.000000] Command line: BOOT_IMAGE=/boot/vmlinuz-4.4.0-96-generic root=UUID=613b82e0-9938-4734-8acf-2ad1239d5b15 ro console=tty1 console=ttyS0
[    0.000000] KERNEL supported cpus:
[    0.000000]   Intel GenuineIntel
[    0.000000]   AMD AuthenticAMD
[    0.000000]   Centaur CentaurHauls
[    0.000000] x86/fpu: xstate_offset[2]:  576, xstate_sizes[2]:  256
[    0.000000] x86/fpu: Supporting XSAVE feature 0x01: 'x87 floating point registers'
[    0.000000] x86/fpu: Supporting XSAVE feature 0x02: 'SSE registers'
[    0.000000] x86/fpu: Supporting XSAVE feature 0x04: 'AVX registers'
[    0.000000] x86/fpu: Enabled xstate features 0x7, context size is 832 bytes, using 'standard' format.
[    0.000000] x86/fpu: Using 'lazy' FPU context switches.
[    0.000000] e820: BIOS-provided physical RAM map:
[    0.000000] BIOS-e820: [mem 0x0000000000000000-0x000000000009fbff] usable
[    0.000000] BIOS-e820: [mem 0x000000000009fc00-0x000000000009ffff] reserved
[    0.000000] BIOS-e820: [mem 0x00000000000f0000-0x00000000000fffff] reserved
[    0.000000] BIOS-e820: [mem 0x0000000000100000-0x000000003ffeffff] usable
[    0.000000] BIOS-e820: [mem 0x000000003fff0000-0x000000003fffffff] ACPI data
[    0.000000] BIOS-e820: [mem 0x00000000fec00000-0x00000000fec00fff] reserved
[    0.000000] BIOS-e820: [mem 0x00000000fee00000-0x00000000fee00fff] reserved
[    0.000000] BIOS-e820: [mem 0x00000000fffc0000-0x00000000ffffffff] reserved
[    0.000000] NX (Execute Disable) protection: active
[    0.000000] SMBIOS 2.5 present.
[    0.000000] Hypervisor detected: KVM
[    0.000000] e820: last_pfn = 0x3fff0 max_arch_pfn = 0x400000000
[    0.000000] MTRR: Disabled
[    0.000000] x86/PAT: MTRRs disabled, skipping PAT initialization too.
[    0.000000] CPU MTRRs all blank - virtualized system.
[    0.000000] x86/PAT: Configuration [0-7]: WB  WT  UC- UC  WB  WT  UC- UC  
[    0.000000] found SMP MP-table at [mem 0x0009fff0-0x0009ffff] mapped at [ffff88000009fff0]
[    0.000000] Scanning 1 areas for low memory corruption
[    0.000000] RAMDISK: [mem 0x3622e000-0x3710efff]
[    0.000000] ACPI: Early table checksum verification disabled
[    0.000000] ACPI: RSDP 0x00000000000E0000 000024 (v02 VBOX  )
[    0.000000] ACPI: XSDT 0x000000003FFF0030 00003C (v01 VBOX   VBOXXSDT 00000001 ASL  00000061)
[    0.000000] ACPI: FACP 0x000000003FFF00F0 0000F4 (v04 VBOX   VBOXFACP 00000001 ASL  00000061)
[    0.000000] ACPI: DSDT 0x000000003FFF070 0021C8 (v02 VBOX   VBOXBIOS 00000002 INTL 20100528)
[    0.000000] ACPI: FACS 0x000000003FFF0200 000040
[    0.000000] ACPI: FACS 0x000000003FFF0200 000040
[    0.000000] ACPI: APIC 0x000000003FFF0240 00005C (v02 VBOX   VBOXAPIC 00000001 ASL  00000061)
[    0.000000] ACPI: SSDT 0x000000003FFF02A0 0001CC (v01 VBOX   VBOXCPUT 00000002 INTL 20100528)
[    0.000000] No NUMA configuration found
[    0.000000] Faking a node at [mem 0x0000000000000000-0x000000003ffeffff]
[    0.000000] NODE_DATA(0) allocated [mem 0x3ffeb000-0x3ffeffff]
[    0.000000] kvm-clock: Using msrs 4b564d01 and 4b564d00
[    0.000000] kvm-clock: cpu 0, msr 0:3ffe3001, primary cpu clock
[    0.000000] kvm-clock: using sched offset of 3697644757 cycles
[    0.000000] clocksource: kvm-clock: mask: 0xffffffffffffffff max_cycles: 0x1cd42e4dffb, max_idle_ns: 881590591483 ns
[    0.000000] Zone ranges:
[    0.000000]   DMA      [mem 0x0000000000001000-0x0000000000ffffff]
[    0.000000]   DMA32    [mem 0x0000000001000000-0x000000003ffeffff]
[    0.000000]   Normal   empty
[    0.000000]   Device   empty
[    0.000000] Movable zone start for each node
[    0.000000] Early memory node ranges
[    0.000000]   node   0: [mem 0x0000000000001000-0x000000000009efff]
[    0.000000]   node   0: [mem 0x0000000000100000-0x000000003ffeffff]
[    0.000000] Initmem setup node 0 [mem 0x0000000000001000-0x000000003ffeffff]
[    0.000000] ACPI: PM-Timer IO Port: 0x4008
[    0.000000] IOAPIC[0]: apic_id 2, version 32, address 0xfec00000, GSI 0-23
[    0.000000] ACPI: INT_SRC_OVR (bus 0 bus_irq 0 global_irq 2 dfl dfl)
[    0.000000] ACPI: INT_SRC_OVR (bus 0 bus_irq 9 global_irq 9 high level)
[    0.000000] Using ACPI (MADT) for SMP configuration information
[    0.000000] smpboot: Allowing 2 CPUs, 0 hotplug CPUs
[    0.000000] PM: Registered nosave memory: [mem 0x00000000-0x00000fff]
[    0.000000] PM: Registered nosave memory: [mem 0x0009f000-0x0009ffff]
[    0.000000] PM: Registered nosave memory: [mem 0x000a0000-0x000effff]
[    0.000000] PM: Registered nosave memory: [mem 0x000f0000-0x000fffff]
[    0.000000] e820: [mem 0x40000000-0xfebfffff] available for PCI devices
[    0.000000] Booting paravirtualized kernel on KVM
[    0.000000] clocksource: refined-jiffies: mask: 0xffffffff max_cycles: 0xffffffff, max_idle_ns: 7645519600211568 ns
[    0.000000] setup_percpu: NR_CPUS:512 nr_cpumask_bits:512 nr_cpu_ids:2 nr_node_ids:1
[    0.000000] PERCPU: Embedded 34 pages/cpu @ffff88003fc00000 s98328 r8192 d32744 u1048576
[    0.000000] PV qspinlock hash table entries: 256 (order: 0, 4096 bytes)
[    0.000000] Built 1 zonelists in Node order, mobility grouping on.  Total pages: 257913
[    0.000000] Policy zone: DMA32
[    0.000000] Kernel command line: BOOT_IMAGE=/boot/vmlinuz-4.4.0-96-generic root=UUID=613b82e0-9938-4734-8acf-2ad1239d5b15 ro console=tty1 console=ttyS0
[    0.000000] PID hash table entries: 4096 (order: 3, 32768 bytes)
[    0.000000] Memory: 997328K/1048120K available (8479K kernel code, 1294K rwdata, 3984K rodata, 1492K init, 1316K bss, 50792K reserved, 0K cma-reserved)
[    0.000000] SLUB: HWalign=64, Order=0-3, MinObjects=0, CPUs=2, Nodes=1
[    0.000000] Hierarchical RCU implementation.
[    0.000000] 	Build-time adjustment of leaf fanout to 64.
[    0.000000] 	RCU restricting CPUs from NR_CPUS=512 to nr_cpu_ids=2.
[    0.000000] RCU: Adjusting geometry for rcu_fanout_leaf=64, nr_cpu_ids=2
[    0.000000] NR_IRQS:33024 nr_irqs:440 16
[    0.000000] Console: colour VGA+ 80x25
[    0.000000] console [tty1] enabled
[    0.000000] console [ttyS0] enabled
[    0.000000] tsc: Detected 2700.000 MHz processor
[    8.802227] Calibrating delay loop (skipped) preset value.. 5400.00 BogoMIPS (lpj=10800000)
[    8.907251] pid_max: default: 32768 minimum: 301
[    8.983118] ACPI: Core revision 20150930
[    9.050920] ACPI: 2 ACPI AML tables successfully acquired and loaded
[    9.163557] Security Framework initialized
[    9.240539] Yama: becoming mindful.
[    9.302399] AppArmor: AppArmor initialized
[    9.364699] Dentry cache hash table entries: 131072 (order: 8, 1048576 bytes)
[    9.484069] Inode-cache hash table entries: 65536 (order: 7, 524288 bytes)
[    9.608890] Mount-cache hash table entries: 2048 (order: 2, 16384 bytes)
[    9.723187] Mountpoint-cache hash table entries: 2048 (order: 2, 16384 bytes)
[    9.851484] Initializing cgroup subsys io
[    9.957161] Initializing cgroup subsys memory
[   10.011979] Initializing cgroup subsys devices
[   10.065297] Initializing cgroup subsys freezer
[   10.103578] Initializing cgroup subsys net_cls
[   10.127370] Initializing cgroup subsys perf_event
[   10.138167] Initializing cgroup subsys net_prio
[   10.183978] Initializing cgroup subsys hugetlb
[   10.244709] Initializing cgroup subsys pids
[   10.275777] CPU: Physical Processor ID: 0
[   10.301479] CPU: Processor Core ID: 0
[   10.317266] mce: CPU supports 0 MCE banks
[   10.337594] Last level iTLB entries: 4KB 64, 2MB 8, 4MB 8
[   10.380286] Last level dTLB entries: 4KB 64, 2MB 0, 4MB 0, 1GB 4
[   10.410203] Freeing SMP alternatives memory: 32K
[   10.427946] ftrace: allocating 32146 entries in 126 pages
[   10.525696] smpboot: APIC(0) Converting physical 0 to logical package 0
[   10.564637] smpboot: Max logical packages: 1
[   10.583762] x2apic enabled
[   10.596071] Switched APIC routing to physical x2apic.
[   10.614927] ..TIMER: vector=0x30 apic1=0 pin1=2 apic2=-1 pin2=-1
[   10.747414] smpboot: CPU0: Intel(R) Core(TM) i5-5257U CPU @ 2.70GHz (family: 0x6, model: 0x3d, stepping: 0x4)
[   10.862421] Performance Events: unsupported p6 CPU model 61 no PMU driver, software events only.
[   10.993275] KVM setup paravirtual spinlock
[   11.041912] x86: Booting SMP configuration:
[   11.099746] .... node  #0, CPUs:      #1
[   11.170206] kvm-clock: cpu 1, msr 0:3ffe3041, secondary cpu clock
[   11.242220] mce: CPU supports 0 MCE banks
[   11.286068] x86: Booted up 1 node, 2 CPUs
[   11.302858] smpboot: Total of 2 processors activated (10800.00 BogoMIPS)
[   11.375807] devtmpfs: initialized
[   11.457779] evm: security.selinux
[   11.507337] evm: security.SMACK64
[   11.551465] evm: security.SMACK64EXEC
[   11.582389] evm: security.SMACK64TRANSMUTE
[   11.624122] evm: security.SMACK64MMAP
[   11.637940] evm: security.ima
[   11.642989] evm: security.capability
[   11.667254] clocksource: jiffies: mask: 0xffffffff max_cycles: 0xffffffff, max_idle_ns: 7645041785100000 ns
[   11.717108] futex hash table entries: 512 (order: 3, 32768 bytes)
[   11.745561] pinctrl core: initialized pinctrl subsystem
[   11.771210] RTC time:  7:16:41, date: 10/05/17
[   11.786111] NET: Registered protocol family 16
[   11.827683] cpuidle: using governor ladder
[   11.935409] cpuidle: using governor menu
[   11.987319] PCCT header not found.
[   12.019702] ACPI: bus type PCI registered
[   12.054784] acpiphp: ACPI Hot Plug PCI Controller Driver version: 0.5
[   12.131403] PCI: Using configuration type 1 for base access
[   12.208302] ACPI: Added _OSI(Module Device)
[   12.267810] ACPI: Added _OSI(Processor Device)
[   12.290822] ACPI: Added _OSI(3.0 _SCP Extensions)
[   12.329295] ACPI: Added _OSI(Processor Aggregator Device)
[   12.378226] ACPI: Executed 1 blocks of module-level executable AML code
[   12.423003] ACPI: Interpreter enabled
[   12.441939] ACPI: (supports S0 S5)
[   12.460193] ACPI: Using IOAPIC for interrupt routing
[   12.507746] PCI: Using host bridge windows from ACPI; if necessary, use "pci=nocrs" and report a bug
[   12.592565] ACPI: PCI Root Bridge [PCI0] (domain 0000 [bus 00-ff])
[   12.615447] acpi PNP0A03:00: _OSC: OS supports [ASPM ClockPM Segments MSI]
[   12.653543] acpi PNP0A03:00: _OSC failed (AE_NOT_FOUND); disabling ASPM
[   12.673510] acpi PNP0A03:00: fail to add MMCONFIG information, can't access extended PCI configuration space under this bridge.
[   12.716292] PCI host bridge to bus 0000:00
[   12.805063] pci_bus 0000:00: root bus resource [io  0x0000-0x0cf7 window]
[   12.900003] pci_bus 0000:00: root bus resource [io  0x0d00-0xffff window]
[   12.955365] pci_bus 0000:00: root bus resource [mem 0x000a0000-0x000bffff window]
[   13.016053] pci_bus 0000:00: root bus resource [mem 0x40000000-0xffdfffff window]
[   13.078052] pci_bus 0000:00: root bus resource [bus 00-ff]
[   13.108697] pci 0000:00:01.1: legacy IDE quirk: reg 0x10: [io  0x01f0-0x01f7]
[   13.152004] pci 0000:00:01.1: legacy IDE quirk: reg 0x14: [io  0x03f6]
[   13.232233] pci 0000:00:01.1: legacy IDE quirk: reg 0x18: [io  0x0170-0x0177]
[   13.260087] pci 0000:00:01.1: legacy IDE quirk: reg 0x1c: [io  0x0376]
[   13.361111] pci 0000:00:07.0: quirk: [io  0x4000-0x403f] claimed by PIIX4 ACPI
[   13.488596] pci 0000:00:07.0: quirk: [io  0x4100-0x410f] claimed by PIIX4 SMB
[   13.564279] ACPI: PCI Interrupt Link [LNKA] (IRQs 5 9 10 *11)
[   13.632631] ACPI: PCI Interrupt Link [LNKB] (IRQs 5 9 10 *11)
[   13.699044] ACPI: PCI Interrupt Link [LNKC] (IRQs 5 9 *10 11)
[   13.759145] ACPI: PCI Interrupt Link [LNKD] (IRQs 5 *9 10 11)
[   13.831371] ACPI: Enabled 2 GPEs in block 00 to 07
[   13.900217] vgaarb: setting as boot device: PCI:0000:00:02.0
[   13.981986] vgaarb: device added: PCI:0000:00:02.0,decodes=io+mem,owns=io+mem,locks=none
[   14.142168] vgaarb: loaded
[   14.160444] vgaarb: bridge control possible 0000:00:02.0
[   14.196441] SCSI subsystem initialized
[   14.226795] ACPI: bus type USB registered
[   14.244428] usbcore: registered new interface driver usbfs
[   14.326301] usbcore: registered new interface driver hub
[   14.362155] usbcore: registered new device driver usb
[   14.411467] PCI: Using ACPI for IRQ routing
[   14.475625] NetLabel: Initializing
[   14.494961] NetLabel:  domain hash size = 128
[   14.520446] NetLabel:  protocols = UNLABELED CIPSOv4
[   14.543853] NetLabel:  unlabeled traffic allowed by default
[   14.578718] amd_nb: Cannot enumerate AMD northbridges
[   14.621216] clocksource: Switched to clocksource kvm-clock
[   14.696757] AppArmor: AppArmor Filesystem Enabled
[   14.719314] pnp: PnP ACPI init
[   14.764572] pnp: PnP ACPI: found 3 devices
[   14.858646] clocksource: acpi_pm: mask: 0xffffff max_cycles: 0xffffff, max_idle_ns: 2085701024 ns
[   14.943706] NET: Registered protocol family 2
[   14.998973] TCP established hash table entries: 8192 (order: 4, 65536 bytes)
[   15.118859] TCP bind hash table entries: 8192 (order: 5, 131072 bytes)
[   15.220914] TCP: Hash tables configured (established 8192 bind 8192)
[   15.374089] UDP hash table entries: 512 (order: 2, 16384 bytes)
[   15.419331] UDP-Lite hash table entries: 512 (order: 2, 16384 bytes)
[   15.522987] NET: Registered protocol family 1
[   15.562835] pci 0000:00:00.0: Limiting direct PCI/PCI transfers
[   15.649684] pci 0000:00:01.0: Activating ISA DMA hang workarounds
[   15.758853] Unpacking initramfs...
[   16.165177] Freeing initrd memory: 15236K
[   16.259997] RAPL PMU detected, API unit is 2^-32 Joules, 4 fixed counters 10737418240 ms ovfl timer
[   16.479633] hw unit of domain pp0-core 2^-0 Joules
[   16.570054] hw unit of domain package 2^-0 Joules
[   16.625708] hw unit of domain dram 2^-0 Joules
[   16.689513] hw unit of domain pp1-gpu 2^-0 Joules
[   16.819249] platform rtc_cmos: registered platform RTC device (no PNP device found)
[   16.998080] Scanning for low memory corruption every 60 seconds
[   17.095112] audit: initializing netlink subsys (disabled)
[   17.170001] audit: type=2000 audit(1507187798.286:1): initialized
[   17.242975] Initialise system trusted keyring
[   17.286455] HugeTLB registered 2 MB page size, pre-allocated 0 pages
[   17.355186] zbud: loaded
[   17.385402] VFS: Disk quotas dquot_6.6.0
[   17.467250] VFS: Dquot-cache hash table entries: 512 (order 0, 4096 bytes)
[   17.578958] squashfs: version 4.0 (2009/01/31) Phillip Lougher
[   17.634939] fuse init (API version 7.23)
[   17.663980] Key type big_key registered
[   17.708852] Allocating IMA MOK and blacklist keyrings.
[   17.804499] Key type asymmetric registered
[   17.815785] Asymmetric key parser 'x509' registered
[   17.818020] tsc: Refined TSC clocksource calibration: 2700.347 MHz
[   17.818022] clocksource: tsc: mask: 0xffffffffffffffff max_cycles: 0x26ec8649c4f, max_idle_ns: 440795252397 ns
[   18.100002] Block layer SCSI generic (bsg) driver version 0.4 loaded (major 249)
[   18.198377] io scheduler noop registered
[   18.242370] io scheduler deadline registered (default)
[   18.311602] io scheduler cfq registered
[   18.398085] pci_hotplug: PCI Hot Plug PCI Core version: 0.5
[   18.527406] pciehp: PCI Express Hot Plug Controller Driver version: 0.4
[   18.690956] ACPI: AC Adapter [AC] (on-line)
[   18.784856] input: Power Button as /devices/LNXSYSTM:00/LNXPWRBN:00/input/input0
[   18.896127] ACPI: Power Button [PWRF]
[   18.956219] input: Sleep Button as /devices/LNXSYSTM:00/LNXSLPBN:00/input/input1
[   19.079887] ACPI: Sleep Button [SLPF]
[   19.135728] GHES: HEST is not enabled!
[   19.136761] ACPI: Battery Slot [BAT0] (battery present)
[   19.321488] Serial: 8250/16550 driver, 32 ports, IRQ sharing enabled
ÿ[   19.491729] 00:02: ttyS0 at I/O 0x3f8 (irq = 4, base_baud = 115200) is a 16550A
[   19.682807] Linux agpgart interface v0.103
[   19.800865] loop: module loaded
[   19.861909] scsi host0: ata_piix
[   19.928767] scsi host1: ata_piix
[   19.996854] ata1: PATA max UDMA/33 cmd 0x1f0 ctl 0x3f6 bmdma 0xd000 irq 14
[   20.072286] ata2: PATA max UDMA/33 cmd 0x170 ctl 0x376 bmdma 0xd008 irq 15
[   20.111531] libphy: Fixed MDIO Bus: probed
[   20.139808] tun: Universal TUN/TAP device driver, 1.6
[   20.218895] tun: (C) 1999-2004 Max Krasnyansky <maxk@qualcomm.com>
[   20.294761] PPP generic driver version 2.4.2
[   20.333870] ehci_hcd: USB 2.0 'Enhanced' Host Controller (EHCI) Driver
[   20.448646] ehci-pci: EHCI PCI platform driver
[   20.518849] ehci-platform: EHCI generic platform driver
[   20.614092] ohci_hcd: USB 1.1 'Open' Host Controller (OHCI) Driver
[   20.677573] ohci-pci: OHCI PCI platform driver
[   20.766185] ohci-platform: OHCI generic platform driver
[   20.861395] uhci_hcd: USB Universal Host Controller Interface driver
[   21.065247] i8042: PNP: PS/2 Controller [PNP0303:PS2K,PNP0f03:PS2M] at 0x60,0x64 irq 1,12
[   21.085705] serio: i8042 KBD port at 0x60,0x64 irq 1
[   21.142031] serio: i8042 AUX port at 0x60,0x64 irq 12
[   21.230289] mousedev: PS/2 mouse device common for all mice
[   21.273570] input: AT Translated Set 2 keyboard as /devices/platform/i8042/serio0/input/input2
[   21.399351] rtc_cmos rtc_cmos: rtc core: registered rtc_cmos as rtc0
[   21.549730] rtc_cmos rtc_cmos: alarms up to one day, 114 bytes nvram
[   21.682262] i2c /dev entries driver
[   21.754346] device-mapper: uevent: version 1.0.3
[   21.846826] device-mapper: ioctl: 4.34.0-ioctl (2015-10-28) initialised: dm-devel@redhat.com
[   22.030486] ledtrig-cpu: registered to indicate activity on CPUs
[   22.178456] NET: Registered protocol family 10
[   22.273411] NET: Registered protocol family 17
[   22.366724] Key type dns_resolver registered
[   22.401035] microcode: CPU0 sig=0x306d4, pf=0x40, revision=0x0
[   22.469124] microcode: CPU1 sig=0x306d4, pf=0x40, revision=0x0
[   22.503914] microcode: Microcode Update Driver: v2.01 <tigran@aivazian.fsnet.co.uk>, Peter Oruba
[   22.537897] registered taskstats version 1
[   22.553783] Loading compiled-in X.509 certificates
[   22.585650] Loaded X.509 cert 'Build time autogenerated kernel key: b1a6ea8776bed2812c00d8a799f968274ef48628'
[   22.734953] zswap: loaded using pool lzo/zbud
[   22.796663] Key type trusted registered
[   22.849598] Key type encrypted registered
[   22.959231] AppArmor: AppArmor sha1 policy hashing enabled
[   22.999435] ima: No TPM chip found, activating TPM-bypass!
[   23.040098] evm: HMAC attrs: 0x1
[   23.088671]   Magic number: 5:858:267
[   23.154317] rtc_cmos rtc_cmos: setting system clock to 2017-10-05 07:16:52 UTC (1507187812)
[   23.216023] BIOS EDD facility v0.16 2004-Jun-25, 0 devices found
[   23.232457] EDD information not available.
[   23.279579] Freeing unused kernel memory: 1492K
[   23.319550] Write protecting the kernel read-only data: 14336k
[   23.395565] Freeing unused kernel memory: 1748K
[   23.420878] Freeing unused kernel memory: 112K
Loading, please wait...
starting version[   23.482068] random: systemd-udevd: uninitialized urandom read (16 bytes read, 7 bits of entropy available)
 229
[   23.482701] random: udevadm: uninitialized urandom read (16 bytes read, 7 bits of entropy available)
[   23.482749] random: udevadm: uninitialized urandom read (16 bytes read, 7 bits of entropy available)
[   23.482896] random: udevadm: uninitialized urandom read (16 bytes read, 7 bits of entropy available)
[   23.482947] random: udevadm: uninitialized urandom read (16 bytes read, 7 bits of entropy available)
[   23.482996] random: udevadm: uninitialized urandom read (16 bytes read, 7 bits of entropy available)
[   23.483053] random: udevadm: uninitialized urandom read (16 bytes read, 7 bits of entropy available)
[   23.483101] random: udevadm: uninitialized urandom read (16 bytes read, 7 bits of entropy available)
[   23.483148] random: udevadm: uninitialized urandom read (16 bytes read, 7 bits of entropy available)
[   23.483197] random: udevadm: uninitialized urandom read (16 bytes read, 7 bits of entropy available)
[   24.955553] e1000: Intel(R) PRO/1000 Network Driver - version 7.3.21-k8-NAPI
[   24.994408] e1000: Copyright (c) 1999-2006 Intel Corporation.
[   25.030187] Fusion MPT base driver 3.04.20
[   25.058676] Copyright (c) 1999-2008 LSI Corporation
[   25.075595] AVX version of gcm_enc/dec engaged.
[   25.109470] AES CTR mode by8 optimization enabled
[   25.163622] Fusion MPT SPI Host driver 3.04.20
[   25.238155] input: ImExPS/2 Generic Explorer Mouse as /devices/platform/i8042/serio1/input/input4
[   25.515526] e1000 0000:00:03.0 eth0: (PCI:33MHz:32-bit) 02:6e:aa:4e:78:a9
[   25.645011] e1000 0000:00:03.0 eth0: Intel(R) PRO/1000 Network Connection
[   26.170985] e1000 0000:00:08.0 eth1: (PCI:33MHz:32-bit) 08:00:27:80:ea:be
[   26.335752] e1000 0000:00:08.0 eth1: Intel(R) PRO/1000 Network Connection
[   26.842263] e1000 0000:00:09.0 eth2: (PCI:33MHz:32-bit) 08:00:27:3e:e5:31
[   27.013574] e1000 0000:00:09.0 eth2: Intel(R) PRO/1000 Network Connection
[   27.128223] e1000 0000:00:09.0 enp0s9: renamed from eth2
[   27.170010] mptbase: ioc0: Initiating bringup
[   27.281941] e1000 0000:00:08.0 enp0s8: renamed from eth1
[   27.405690] e1000 0000:00:03.0 enp0s3: renamed from eth0
[   27.534100] ioc0: LSI53C1030 A0: Capabilities={Initiator}
[   27.841204] scsi host2: ioc0: LSI53C1030 A0, FwRev=00000000h, Ports=1, MaxQ=256, IRQ=20
[   27.997454] floppy0: no floppy controllers found
[   28.158493] scsi 2:0:0:0: Direct-Access     VBOX     HARDDISK         1.0  PQ: 0 ANSI: 5
[   28.211849] scsi target2:0:0: Beginning Domain Validation
[   28.244429] scsi target2:0:0: Domain Validation skipping write tests
[   28.297951] scsi target2:0:0: Ending Domain Validation
[   28.326156] scsi target2:0:0: asynchronous
[   28.356504] scsi 2:0:1:0: Direct-Access     VBOX     HARDDISK         1.0  PQ: 0 ANSI: 5
[   28.394683] scsi target2:0:1: Beginning Domain Validation
[   28.413115] scsi target2:0:1: Domain Validation skipping write tests
[   28.460023] scsi target2:0:1: Ending Domain Validation
[   28.520932] scsi target2:0:1: asynchronous
[   28.590093] sd 2:0:0:0: [sda] 20971520 512-byte logical blocks: (10.7 GB/10.0 GiB)
[   28.594816] sd 2:0:0:0: Attached scsi generic sg0 type 0
[   28.595239] sd 2:0:1:0: Attached scsi generic sg1 type 0
[   28.595444] sd 2:0:1:0: [sdb] 20480 512-byte logical blocks: (10.5 MB/10.0 MiB)
[   28.595591] sd 2:0:1:0: [sdb] Write Protect is off
[   28.595697] sd 2:0:1:0: [sdb] Incomplete mode parameter data
[   28.595698] sd 2:0:1:0: [sdb] Assuming drive cache: write through
[   28.599012] sd 2:0:1:0: [sdb] Attached SCSI disk
[   29.249946] sd 2:0:0:0: [sda] Write Protect is off
[   29.336621] sd 2:0:0:0: [sda] Incomplete mode parameter data
[   29.416230] sd 2:0:0:0: [sda] Assuming drive cache: write through
[   29.474843]  sda: sda1
[   29.540236] sd 2:0:0:0: [sda] Attached SCSI disk
Begin: Loading e[   31.022478] md: linear personality registered for level -1
ssential drivers ... [   31.132118] md: multipath personality registered for level -4
[   31.223079] md: raid0 personality registered for level 0
[   31.341484] md: raid1 personality registered for level 1
[   31.533302] raid6: sse2x1   gen()  5398 MB/s
[   31.661709] raid6: sse2x1   xor()  6348 MB/s
[   31.853933] raid6: sse2x2   gen()  7871 MB/s
[   31.949285] raid6: sse2x2   xor()  5275 MB/s
[   32.098390] raid6: sse2x4   gen()  3959 MB/s
[   32.213290] raid6: sse2x4   xor()  3020 MB/s
[   32.244843] raid6: using algorithm sse2x2 gen() 7871 MB/s
[   32.303855] raid6: .... xor() 5275 MB/s, rmw enabled
[   32.315662] raid6: using ssse3x2 recovery algorithm
[   32.379574] xor: automatically using best checksumming function:
[   32.505533]    avx       : 18202.000 MB/sec
[   32.531331] async_tx: api initialized (async)
[   32.589598] md: raid6 personality registered for level 6
[   32.633366] md: raid5 personality registered for level 5
[   32.719897] md: raid4 personality registered for level 4
[   32.819763] md: raid10 personality registered for level 10
done.
Begin: Running /scripts/init-premount ... done.
Begin: Mounti[   32.927853] Btrfs loaded
ng root file system ... Begin: Running /scripts/local-top ... done.
Begin: Runn[   32.988335] EXT4-fs (sda1): INFO: recovery required on readonly filesystem
ing /scripts/loc[   33.134223] EXT4-fs (sda1): write access will be enabled during recovery
al-premount ... Scanning for Btrfs filesystems
[   33.323617] EXT4-fs (sda1): orphan cleanup on readonly fs
done.
Warning: fsck not present[   33.468427] EXT4-fs (sda1): 8 orphan inodes deleted
, so skipping ro[   33.598339] EXT4-fs (sda1): recovery complete
ot file system
[   33.682991] EXT4-fs (sda1): mounted filesystem with ordered data mode. Opts: (null)
done.
Begin: Running /scripts/local-bottom ... done.
Begin: Running /scripts/init-bottom ... done.
[   33.956766] systemd[1]: systemd 229 running in system mode. (+PAM +AUDIT +SELINUX +IMA +APPARMOR +SMACK +SYSVINIT +UTMP +LIBCRYPTSETUP +GCRYPT +GNUTLS +ACL +XZ -LZ4 +SECCOMP +BLKID +ELFUTILS +KMOD -IDN)
[   34.488362] systemd[1]: Detected virtualization oracle.
[   34.589752] systemd[1]: Detected architecture x86-64.

Welcome to [1mUbuntu 16.04.2 LTS[0m!

[   34.734678] systemd[1]: Set hostname to <ubuntu-xenial>.
[   34.882989] random: nonblocking pool is initialized
[   35.208317] systemd[1]: Listening on udev Kernel Socket.
[[0;32m  OK  [0m] Listening on udev Kernel Socket.
[   35.401853] systemd[1]: Listening on Journal Socket (/dev/log).
[[0;32m  OK  [0m] Listening on Journal Socket (/dev/log).
[   35.642137] systemd[1]: Created slice User and Session Slice.
[[0;32m  OK  [0m] Created slice User and Session Slice.
[   35.838257] systemd[1]: Reached target User and Group Name Lookups.
[[0;32m  OK  [0m] Reached target User and Group Name Lookups.
[   36.037816] systemd[1]: Listening on Journal Socket.
[[0;32m  OK  [0m] Listening on Journal Socket.
[   36.182629] systemd[1]: Listening on LVM2 poll daemon socket.
[[0;32m  OK  [0m] Listening on LVM2 poll daemon socket.
[   36.382005] systemd[1]: Listening on udev Control Socket.
[[0;32m  OK  [0m] Listening on udev Control Socket.
[   36.489820] systemd[1]: Listening on Syslog Socket.
[[0;32m  OK  [0m] Listening on Syslog Socket.
[   36.653703] systemd[1]: Listening on Device-mapper event daemon FIFOs.
[[0;32m  OK  [0m] Listening on Device-mapper event daemon FIFOs.
[   36.881978] systemd[1]: Created slice System Slice.
[[0;32m  OK  [0m] Created slice System Slice.
[   36.974107] systemd[1]: Starting Load Kernel Modules...
         [   37.066382] Loading iSCSI transport class v2.0-870.
Starting Load Ke[   37.249774] iscsi: registered transport (tcp)
rnel Modules...
[   37.407913] systemd[1]: Reached target Slices.
[[0;32m  OK  [0[   37.531757] iscsi: registered transport (iser)
m] Reached target Slices.
[   37.733837] systemd[1]: Starting Nameserver information manager...
         Starting Nameserver information manager...
[   37.922030] systemd[1]: Starting Set console keymap...
         Starting Set console keymap...
[   38.049676] systemd[1]: Mounting Debug File System...
         Mounting Debug File System...
[   38.126872] systemd[1]: Created slice system-serial\x2dgetty.slice.
[[0;32m  OK  [0m] Created slice system-serial\x2dgetty.slice.
[   38.250184] systemd[1]: Started Forward Password Requests to Wall Directory Watch.
[[0;32m  OK  [0m] Started Forward Password Requests to Wall Directory Watch.
[   38.465735] systemd[1]: Reached target Encrypted Volumes.
[[0;32m  OK  [0m] Reached target Encrypted Volumes.
[   38.559201] systemd[1]: Set up automount Arbitrary Executable File Formats File System Automount Point.
[[0;32m  OK  [0m] Set up automount Arbitrary Executab...ats File System Automount Point.
[   38.729669] systemd[1]: Mounting POSIX Message Queue File System...
         Mounting POSIX Message Queue File System...
[   38.861534] systemd[1]: Starting Uncomplicated firewall...
         Starting Uncomplicated firewall...
[   39.017993] systemd[1]: Listening on LVM2 metadata daemon socket.
[[0;32m  OK  [0m] Listening on LVM2 metadata daemon socket.
[   39.222217] systemd[1]: Starting Monitoring of LVM2 mirrors, snapshots etc. using dmeventd or progress polling...
         Starting Monitoring of LVM2 mirrors... dmeventd or progress polling...
[   39.310090] systemd[1]: Started Trigger resolvconf update for networkd DNS.
[[0;32m  OK  [0m] Started Trigger resolvconf update for networkd DNS.
[   39.434009] systemd[1]: Starting Remount Root and Kernel File Systems...
[   39.437663] EXT4-fs (sda1): re-mounted. Opts: (null)
         Starting Remount Root and Kernel File Systems...
[   39.606409] systemd[1]: Listening on /dev/initctl Compatibility Named Pipe.
[[0;32m  OK  [0m] Listening on /dev/initctl Compatibility Named Pipe.
[   39.681723] systemd[1]: Reached target Swap.
[[0;32m  OK  [0m] Reached target Swap.
[   39.869755] systemd[1]: Starting Create list of required static device nodes for the current kernel...
         Starting Create list of required st... nodes for the current kernel...
[   39.974211] systemd[1]: Mounting Huge Pages File System...
         Mounting Huge Pages File System...
[   40.063478] systemd[1]: Listening on Journal Audit Socket.
[[0;32m  OK  [0m] Listening on Journal Audit Socket.
[   40.173727] systemd[1]: Starting Journal Service...
         Starting Journal Service...
[   40.271386] systemd[1]: Mounted Huge Pages File System.
[[0;32m  OK  [0m] Mounted Huge Pages File System.
[   40.329712] systemd[1]: Mounted POSIX Message Queue File System.
[[0;32m  OK  [0m] Mounted POSIX Message Queue File System.
[   40.400822] systemd[1]: Mounted Debug File System.
[[0;32m  OK  [0m] Mounted Debug File System.
[   40.454083] systemd[1]: Started Journal Service.
[[0;32m  OK  [0m] Started Journal Service.
[[0;32m  OK  [0m] Started Load Kernel Modules.
[[0;32m  OK  [0m] Started Set console keymap.
[[0;32m  OK  [0m] Started Uncomplicated firewall.
[[0;32m  OK  [0m] Started Remount Root and Kernel File Systems.
[[0;32m  OK  [0m] Started Create list of required sta...ce nodes for the current kernel.
[[0;32m  OK  [0m] Started Nameserver information manager.
[[0;32m  OK  [0m] Started LVM2 metadata daemon.
         Starting Create Static Device Nodes in /dev...
         Starting Initial cloud-init job (pre-networking)...
         Starting udev Coldplug all Devices...
         Starting Load/Save Random Seed...
         Starting Apply Kernel Variables...
         Mounting FUSE Control File System...
         Starting Flush Journal to Persistent Storage...
[[0;32m  OK  [0m] Mounted FUSE Control File System.
[[0;32m  OK  [0m] Started Monitoring of LVM2 mirrors,...ng dmeventd or progress polling.
[[0;32m  OK  [0m] Started Create Static Device Nodes in /dev.
[[0;32m  OK  [0m] Started Load/Save Random Seed.
[[0;32m  OK  [0m] Started Apply Kernel Variables.
[[0;32m  OK  [0m] Started udev Coldplug all Devices.
[[0;32m  OK  [0m] Started Flush Journal to Persistent Storage.
         Starting udev Kernel Device Manager...
[[0;32m  OK  [0m] Started udev Kernel Device Manager.
[[0;32m  OK  [0m] Started Dispatch Password Requests to Console Directory Watch.
[[0;32m  OK  [0m] Reached target Local File Systems (Pre).
[[0;32m  OK  [0m] Reached target Local File Systems.
         Starting Tell Plymouth To Write Out Runtime Data...
         Starting LSB: AppArmor initialization...
         Starting Create Volatile Files and Directories...
         Starting Set console font and keymap...
[[0;32m  OK  [0m] Started Tell Plymouth To Write Out Runtime Data.
[[0;32m  OK  [0m] Started Create Volatile Files and Directories.
[[0;32m  OK  [0m] Found device /dev/ttyS0.
         Starting Update UTMP about System Boot/Shutdown...
[[0;32m  OK  [0m] Reached target System Time Synchronized.
[[0;32m  OK  [0m] Started LSB: AppArmor initialization.
[[0;32m  OK  [0m] Started Update UTMP about System Boot/Shutdown.
[[0;32m  OK  [0m] Listening on Load/Save RF Kill Switch Status /dev/rfkill Watch.
[   30.952960] cloud-init[446]: Cloud-init v. 0.7.9 running 'init-local' at Thu, 05 Oct 2017 07:17:12 +0000. Up 29.24 seconds.
[[0;32m  OK  [0m] Found device 82540EM Gigabit Ethern...r (PRO/1000 MT Desktop Adapter).
[[0;32m  OK  [0m] Started Set console font and keymap.
[[0;32m  OK  [0m] Started Initial cloud-init job (pre-networking).
[[0;32m  OK  [0m] Found device 82540EM Gigabit Ethern...r (PRO/1000 MT Desktop Adapter).
[[0;32m  OK  [0m] Found device 82540EM Gigabit Ethern...r (PRO/1000 MT Desktop Adapter).
[[0;32m  OK  [0m] Reached target Network (Pre).
[[0;32m  OK  [0m] Started ifup for enp0s9.
[[0;32m  OK  [0m] Started ifup for enp0s8.
         Starting Raise network interfaces...
[[0;32m  OK  [0m] Started ifup for enp0s3.
[[0;32m  OK  [0m] Created slice system-getty.slice.
[[0;32m  OK  [0m] Started Raise network interfaces.
         Starting Initial cloud-init job (metadata service crawler)...
[[0;32m  OK  [0m] Reached target Network.
[   36.371461] cloud-init[1148]: Cloud-init v. 0.7.9 running 'init' at Thu, 05 Oct 2017 07:17:18 +0000. Up 35.48 seconds.
[[0;32m  OK  [0m] Started Initial cloud-init job (metadata service crawler).
[   36.512309] cloud-init[1148]: ci-info: ++++++++++++++++++++++++++++++++++++++Net device info++++++++++++++++++++++++++++++++++++++
[   36.680647] cloud-init[1148]: ci-info: +--------+------+-----------------------------+---------------+-------+-------------------+
[   36.788615] cloud-init[1148]: ci-info: | Device |  Up  |           Address           |      Mask     | Scope |     Hw-Address    |
[   36.925614] cloud-init[1148]: ci-info: +--------+------+-----------------------------+---------------+-------+-------------------+
[   37.076787] cloud-init[1148]: ci-info: |   lo   | True |          127.0.0.1          |   255.0.0.0   |   .   |         .         |
[   37.112325] cloud-init[1148]: ci-info: |   lo   | True |           ::1/128           |       .       |  host |         .         |
[[0;32m  OK  [0m[   37.182773] cloud-init[1148]: ci-info: | enp0s9 | True |        192.168.88.200       | 255.255.255.0 |   .   | 08:00:27:3e:e5:31 |
[   37.207634] cloud-init[1148]: ci-info: | enp0s9 | True | fe80::a00:27ff:fe3e:e531/64 |       .       |  link | 08:00:27:3e:e5:31 |
[   37.207707] cloud-init[1148]: ci-info: | enp0s3 | True |          10.0.2.15          | 255.255.255.0 |   .   | 02:6e:aa:4e:78:a9 |
[   37.209028] cloud-init[1148]: ci-info: | enp0s3 | True |  fe80::6e:aaff:fe4e:78a9/64 |       .       |  link | 02:6e:aa:4e:78:a9 |
[   37.209111] cloud-init[1148]: ci-info: | enp0s8 | True |        192.168.77.200       | 255.255.255.0 |   .   | 08:00:27:80:ea:be |
[   37.209169] cloud-init[1148]: ci-info: | enp0s8 | True | fe80::a00:27ff:fe80:eabe/64 |       .       |  link | 08:00:27:80:ea:be |
[   37.209225] cloud-init[1148]: ci-info: +--------+------+-----------------------------+---------------+-------+-------------------+
[   37.209279] cloud-init[1148]: ci-info: ++++++++++++++++++++++++++++Route IPv4 info++++++++++++++++++++++++++++
[   37.209335] cloud-init[1148]: ci-info: +-------+--------------+----------+---------------+-----------+-------+
[   37.209395] cloud-init[1148]: ci-info: | Route | Destination  | Gateway  |    Genmask    | Interface | Flags |
[   37.209467] cloud-init[1148]: ci-info: +-------+--------------+----------+---------------+-----------+-------+
[   37.209535] cloud-init[1148]: ci-info: |   0   |   0.0.0.0    | 10.0.2.2 |    0.0.0.0    |   enp0s3  |   UG  |
[   37.209590] cloud-init[1148]: ci-info: |   1   |   10.0.2.0   | 0.0.0.0  | 255.255.255.0 |   enp0s3  |   U   |
[   37.209643] cloud-init[1148]: ci-info: |   2   | 192.168.77.0 | 0.0.0.0  | 255.255.255.0 |   enp0s8  |   U   |
] Reached target Network is Online.
[   37.214482] cloud-init[1148]: ci-info: |   3   | 192.168.88.0 | 0.0.0.0  | 255.255.255.0 |   enp0s9  |   U   |
[   38.736826] cloud-init[1148]: ci-info: +-------+--------------+----------+---------------+-----------+-------+
         Starting iSCSI initiator daemon (iscsid)...
[[0;32m  OK  [0m] Reached target Cloud-config availability.
[[0;32m  OK  [0m] Reached target System Initialization.
[[0;32m  OK  [0m] Listening on UUID daemon activation socket.
[[0;32m  OK  [0m] Started Clean PHP session files every 30 mins.
         Starting Socket activation for snappy daemon.
[[0;32m  OK  [0m] Started ACPI Events Check.
[[0;32m  OK  [0m] Reached target Paths.
[[0;32m  OK  [0m] Listening on ACPID Listen Socket.
[[0;32m  OK  [0m] Started Daily apt activities.
[[0;32m  OK  [0m] Listening on D-Bus System Message Bus Socket.
[[0;32m  OK  [0m] Started Timer to automatically refresh installed snaps.
         Starting LXD - unix socket.
[[0;32m  OK  [0m] Started Daily Cleanup of Temporary Directories.
[[0;32m  OK  [0m] Reached target Timers.
[[0;32m  OK  [0m] Listening on Socket activation for snappy daemon.
[[0;32m  OK  [0m] Listening on LXD - unix socket.
[[0;32m  OK  [0m] Started iSCSI initiator daemon (iscsid).
         Starting Login to default iSCSI targets...
[[0;32m  OK  [0m] Reached target Sockets.
[[0;32m  OK  [0m] Reached target Basic System.
         Starting LSB: MD monitoring daemon...
[[0;32m  OK  [0m] Started Snappy daemon.
         Starting Auto import assertions from block devices...
[[0;32m  OK  [0m] Started Regular background program processing daemon.
[[0;32m  OK  [0m] Started Unattended Upgrades Shutdown.
         Starting OpenBSD Secure Shell server...
[[0;32m  OK  [0m] Started Deferred execution scheduler.
         Starting LSB: Record successful boot for GRUB...
         Starting Advanced key-value store...
[[0;32m  OK  [0m] Started FUSE filesystem for LXC.
         Starting The PHP 7.1 FastCGI Process Manager...
         Starting /etc/rc.local Compatibility...
[[0;32m  OK  [0m] Started ACPI event daemon.
         Starting LXD - container startup/shutdown...
         Starting Clean php session files...
         Starting Apply the settings specified in cloud-config...
         Starting System Logging Service...
[[0;32m  OK  [0m] Started D-Bus System Message Bus.
         Starting MySQL Community Server...
         Starting Login Service...
         Starting Accounts Service...
[[0;32m  OK  [0m] Started OpenBSD Secure Shell server.
[[0;32m  OK  [0m] Started System Logging Service.
[[0;32m  OK  [0m] Started The PHP 7.1 FastCGI Process Manager.
[[0;32m  OK  [0m] Started Auto import assertions from block devices.
[[0;32m  OK  [0m] Started /etc/rc.local Compatibility.
[[0;32m  OK  [0m] Started LXD - container startup/shutdown.
[[0;32m  OK  [0m] Started Login to default iSCSI targets.
[[0;32m  OK  [0m] Started Advanced key-value store.
[[0;32m  OK  [0m] Started LSB: MD monitoring daemon.
[[0;32m  OK  [0m] Started LSB: Record successful boot for GRUB.
[[0;32m  OK  [0m] Started Clean php session files.
[[0;32m  OK  [0m] Started Login Service.
         Starting Authenticate and Authorize Users to Run Privileged Tasks...
[[0;32m  OK  [0m] Reached target Remote File Systems (Pre).
[[0;32m  OK  [0m] Reached target Remote File Systems.
         Starting LSB: VirtualBox Linux Additions...
         Starting LSB: automatic crash report generation...
         Starting LSB: Apache2 web server...
         Starting Permit User Sessions...
         Starting LSB: daemon to balance interrupts for SMP systems...
         Starting LSB: Set the CPU Frequency Scaling governor to "ondemand"...
[[0;32m  OK  [0m] Started Permit User Sessions.
[[0;32m  OK  [0m] Started Authenticate and Authorize Users to Run Privileged Tasks.
[   44.039839] cloud-init[1280]: Cloud-init v. 0.7.9 running 'modules:config' at Thu, 05 Oct 2017 07:17:26 +0000. Up 43.61 seconds.
[[0;32m  OK  [0m] Started Accounts Service.
[[0;32m  OK  [0m] Started Apply the settings specified in cloud-config.
[[0;32m  OK  [0m] Created slice User Slice of ubuntu.
[[0;32m  OK  [0m] Started Session 1 of user ubuntu.
         Starting User Manager for UID 1000...
         Starting Hold until boot process finishes up...
         Starting Terminate Plymouth Boot Screen...
[[0;32m  OK  [0m] Started User Manager for UID 1000.
[[0;32m  OK  [0m] Started MySQL Community Server.
[[0;32m  OK  [0m] Started LSB: VirtualBox Linux Additions.
[[0;32m  OK  [0m] Started LSB: automatic crash report generation.
[[0;32m  OK  [0m] Started LSB: daemon to balance interrupts for SMP systems.
[[0;32m  OK  [0m] Started LSB: Set the CPU Frequency Scaling governor to "ondemand".
[[0;32m  OK  [0m] Started Hold until boot process finishes up.
[[0;32m  OK  [0m] Started Terminate Plymouth Boot Screen.
[[0;32m  OK  [0m] Started Serial Getty on ttyS0.
[[0;32m  OK  [0m] Started Getty on tty1.
[[0;32m  OK  [0m] Reached target Login Prompts.
         Starting Set console scheme...
[[0;32m  OK  [0m] Started Set console scheme.
[[0;32m  OK  [0m] Started LSB: Apache2 web server.
[[0;32m  OK  [0m] Reached target Multi-User System.
         Starting Execute cloud user/final scripts...
[[0;32m  OK  [0m] Reached target Graphical Interface.
         Starting Update UTMP about System Runlevel Changes...
[[0;32m  OK  [0m] Started Update UTMP about System Runlevel Changes.
[   47.544924] cloud-init[1631]: Cloud-init v. 0.7.9 running 'modules:final' at Thu, 05 Oct 2017 07:17:30 +0000. Up 47.23 seconds.
[   47.616426] cloud-init[1631]: Cloud-init v. 0.7.9 finished at Thu, 05 Oct 2017 07:17:30 +0000. Datasource DataSourceNoCloud [seed=/dev/sdb][dsmode=net].  Up 47.52 seconds
[[0;32m  OK  [0m] Started Execute cloud user/final scripts.
         Starting Daily apt activities...
[[0;32m  OK  [0m] Reached target Cloud-init target.

Ubuntu 16.04.2 LTS ubuntu-xenial ttyS0

ubuntu-xenial login: [[0;32m  OK  [0m] Stopped target Graphical Interface.
         Stopping ACPI event daemon...
[[0;32m  OK  [0m] Stopped target Timers.
[[0;32m  OK  [0m] Stopped Daily Cleanup of Tempor[[0;32m  OK  [0m] Unmounted /var/lib/lxcfs.
[[0;32m  OK  [0m] Stopped Snappy daemon.
[[0;32m  OK  [0m] Stopped Regular background program processing daemon.
[[0;32m  OK  [0m] Stopped OpenBSD Secure Shell server.
[[0;32m  OK  [0m] Stopped Deferred execution scheduler.
[[0;32m  OK  [0m] Stopped The PHP 7.1 FastCGI Process Manager.
[[0;32m  OK  [0m] Stopped ACPI event daemon.
[[0;32m  OK  [0m] Stopped System Logging Service.
[[0;32m  OK  [0m] Stopped Accounts Service.
[[0;32m  OK  [0m] Stopped Authenticate and Authorize Users to Run Privileged Tasks.
[[0;32m  OK  [0m] Stopped Serial Getty on ttyS0.
[[0;32m  OK  [0m] Stopped Getty on tty1.
[[0;32m  OK  [0m] Stopped User Manager for UID 1000.
[[0;32m  OK  [0m] Stopped Session 16 of user ubuntu.
[[0;32m  OK  [0m] Stopped Session 3 of user ubuntu.
[[0;32m  OK  [0m] Stopped Unattended Upgrades Shutdown.
[[0;32m  OK  [0m] Stopped D-Bus System Message Bus.
[[0;32m  OK  [0m] Stopped FUSE filesystem for LXC.
[[0;32m  OK  [0m] Stopped Advanced key-value store.
[[0;32m  OK  [0m] Stopped LSB: Set the CPU Frequency Scaling governor to "ondemand".
[[0;32m  OK  [0m] Stopped LSB: automatic crash report generation.
[[0;32m  OK  [0m] Stopped LXD - container startup/shutdown.
[[0;32m  OK  [0m] Stopped LSB: VirtualBox Linux Additions.
[[0;32m  OK  [0m] Stopped LSB: Record successful boot for GRUB.
[[0;32m  OK  [0m] Stopped LSB: MD monitoring daemon.
[[0;32m  OK  [0m] Stopped LSB: daemon to balance interrupts for SMP systems.
[[0;32m  OK  [0m] Stopped MySQL Community Server.
[[0;32m  OK  [0m] Removed slice User Slice of ubuntu.
         Stopping Login Service...
[[0;32m  OK  [0m] Removed slice system-getty.slice.
[[0;32m  OK  [0m] Stopped /etc/rc.local Compatibility.
         Stopping Permit User Sessions...
[[0;32m  OK  [0m] Removed slice system-serial\x2dgetty.slice.
[[0;32m  OK  [0m] Stopped Login Service.
[[0;32m  OK  [0m] Stopped Permit User Sessions.
[[0;32m  OK  [0m] Stopped target User and Group Name Lookups.
[[0;32m  OK  [0m] Stopped LSB: Apache2 web server.
[[0;32m  OK  [0m] Stopped target Remote File Systems.
[[0;32m  OK  [0m] Stopped target Remote File Systems (Pre).
         Stopping Login to default iSCSI targets...
[[0;32m  OK  [0m] Stopped target Basic System.
[[0;32m  OK  [0m] Stopped target Slices.
[[0;32m  OK  [0m] Removed slice User and Session Slice.
[[0;32m  OK  [0m] Stopped target Paths.
[[0;32m  OK  [0m] Stopped Dispatch Password Requests to Console Directory Watch.
[[0;32m  OK  [0m] Stopped ACPI Events Check.
[[0;32m  OK  [0m] Stopped Forward Password Requests to Wall Directory Watch.
[[0;32m  OK  [0m] Stopped target Sockets.
[[0;32m  OK  [0m] Closed Syslog Socket.
[[0;32m  OK  [0m] Closed LXD - unix socket.
[[0;32m  OK  [0m] Closed Socket activation for snappy daemon.
[[0;32m  OK  [0m] Closed ACPID Listen Socket.
[[0;32m  OK  [0m] Closed D-Bus System Message Bus Socket.
[[0;32m  OK  [0m] Closed UUID daemon activation socket.
[[0;32m  OK  [0m] Stopped target System Initialization.
         Stopping Update UTMP about System Boot/Shutdown...
[[0;32m  OK  [0m] Stopped target Swap.
         Stopping Load/Save Random Seed...
[[0;32m  OK  [0m] Stopped target Encrypted Volumes.
[[0;32m  OK  [0m] Stopped Load/Save Random Seed.
[[0;32m  OK  [0m] Stopped Login to default iSCSI targets.
[[0;32m  OK  [0m] Stopped Update UTMP about System Boot/Shutdown.
[[0;32m  OK  [0m] Stopped Create Volatile Files and Directories.
         Stopping iSCSI initiator daemon (iscsid)...
[[0;32m  OK  [0m] Stopped iSCSI initiator daemon (iscsid).
[[0;32m  OK  [0m] Stopped target Network is Online.
[[0;32m  OK  [0m] Stopped Initial cloud-init job (metadata service crawler).
[[0;32m  OK  [0m] Stopped target Network.
         Stopping Raise network interfaces...
[[0;32m  OK  [0m] Stopped Raise network interfaces.
[[0;32m  OK  [0m] Stopped Apply Kernel Variables.
[[0;32m  OK  [0m] Stopped Load Kernel Modules.
[[0;32m  OK  [0m] Stopped target Network (Pre).
[[0;32m  OK  [0m] Stopped Initial cloud-init job (pre-networking).
[[0;32m  OK  [0m] Stopped target Local File Systems.
         Unmounting /vagrant/www...
         Unmounting /run/user/1000...
[[0;32m  OK  [0m] Unmounted /vagrant/www.
[[0;32m  OK  [0m] Unmounted /run/user/1000.
         Unmounting /vagrant...
[[0;32m  OK  [0m] Unmounted /vagrant.
[[0;32m  OK  [0m] Reached target Unmount All Filesystems.
[[0;32m  OK  [0m] Stopped target Local File Systems (Pre).
         Stopping Monitoring of LVM2 mirrors... dmeventd or progress polling...
[[0;32m  OK  [0m] Stopped Create Static Device Nodes in /dev.
[[0;32m  OK  [0m] Stopped Remount Root and Kernel File Systems.
[[0;32m  OK  [0m] Reached target Shutdown.
[15805.460688] reboot: Power down
